<?xml version="1.0" encoding="UTF-8"?>
<testng-results total="100" passed="100" failed="0" skipped="0">
  <reporter-output>
  </reporter-output>
  <suite started-at="2020-06-26T13:51:31Z" name="Surefire suite" finished-at="2020-06-26T13:51:31Z" duration-ms="96">
    <groups>
    </groups>
    <test started-at="2020-06-26T13:51:31Z" name="Surefire test" finished-at="2020-06-26T13:51:31Z" duration-ms="96">
      <class name="calculator.TranslatorImplTest">
        <test-method signature="testTranslateDummy()[pri:0, instance:calculator.TranslatorImplTest@24a35978]" started-at="2020-06-26T08:51:31Z" name="testTranslateDummy" finished-at="2020-06-26T08:51:31Z" duration-ms="13" status="PASS">
          <reporter-output>
          </reporter-output>
        </test-method> <!-- testTranslateDummy -->
        <test-method signature="testTranslateDummy()[pri:0, instance:calculator.TranslatorImplTest@24a35978]" started-at="2020-06-26T08:51:31Z" name="testTranslateDummy" finished-at="2020-06-26T08:51:31Z" duration-ms="13" status="PASS">
          <reporter-output>
          </reporter-output>
        </test-method> <!-- testTranslateDummy -->
        <test-method signature="testTranslateDummy()[pri:0, instance:calculator.TranslatorImplTest@24a35978]" started-at="2020-06-26T08:51:31Z" name="testTranslateDummy" finished-at="2020-06-26T08:51:31Z" duration-ms="13" status="PASS">
          <reporter-output>
          </reporter-output>
        </test-method> <!-- testTranslateDummy -->
        <test-method signature="testTranslateDummy()[pri:0, instance:calculator.TranslatorImplTest@24a35978]" started-at="2020-06-26T08:51:31Z" name="testTranslateDummy" finished-at="2020-06-26T08:51:31Z" duration-ms="13" status="PASS">
          <reporter-output>
          </reporter-output>
        </test-method> <!-- testTranslateDummy -->
        <test-method signature="testTranslateDummy()[pri:0, instance:calculator.TranslatorImplTest@24a35978]" started-at="2020-06-26T08:51:31Z" name="testTranslateDummy" finished-at="2020-06-26T08:51:31Z" duration-ms="13" status="PASS">
          <reporter-output>
          </reporter-output>
        </test-method> <!-- testTranslateDummy -->
        <test-method signature="testTranslateDummy()[pri:0, instance:calculator.TranslatorImplTest@24a35978]" started-at="2020-06-26T08:51:31Z" name="testTranslateDummy" finished-at="2020-06-26T08:51:31Z" duration-ms="1" status="PASS">
          <reporter-output>
          </reporter-output>
        </test-method> <!-- testTranslateDummy -->
        <test-method signature="testTranslateDummy()[pri:0, instance:calculator.TranslatorImplTest@24a35978]" started-at="2020-06-26T08:51:31Z" name="testTranslateDummy" finished-at="2020-06-26T08:51:31Z" duration-ms="0" status="PASS">
          <reporter-output>
          </reporter-output>
        </test-method> <!-- testTranslateDummy -->
        <test-method signature="testTranslateDummy()[pri:0, instance:calculator.TranslatorImplTest@24a35978]" started-at="2020-06-26T08:51:31Z" name="testTranslateDummy" finished-at="2020-06-26T08:51:31Z" duration-ms="2" status="PASS">
          <reporter-output>
          </reporter-output>
        </test-method> <!-- testTranslateDummy -->
        <test-method signature="testTranslateDummy()[pri:0, instance:calculator.TranslatorImplTest@24a35978]" started-at="2020-06-26T08:51:31Z" name="testTranslateDummy" finished-at="2020-06-26T08:51:31Z" duration-ms="5" status="PASS">
          <reporter-output>
          </reporter-output>
        </test-method> <!-- testTranslateDummy -->
        <test-method signature="testTranslateDummy()[pri:0, instance:calculator.TranslatorImplTest@24a35978]" started-at="2020-06-26T08:51:31Z" name="testTranslateDummy" finished-at="2020-06-26T08:51:31Z" duration-ms="2" status="PASS">
          <reporter-output>
          </reporter-output>
        </test-method> <!-- testTranslateDummy -->
        <test-method signature="testTranslateDummy()[pri:0, instance:calculator.TranslatorImplTest@24a35978]" started-at="2020-06-26T08:51:31Z" name="testTranslateDummy" finished-at="2020-06-26T08:51:31Z" duration-ms="0" status="PASS">
          <reporter-output>
          </reporter-output>
        </test-method> <!-- testTranslateDummy -->
        <test-method signature="testTranslateDummy()[pri:0, instance:calculator.TranslatorImplTest@24a35978]" started-at="2020-06-26T08:51:31Z" name="testTranslateDummy" finished-at="2020-06-26T08:51:31Z" duration-ms="1" status="PASS">
          <reporter-output>
          </reporter-output>
        </test-method> <!-- testTranslateDummy -->
        <test-method signature="testTranslateDummy()[pri:0, instance:calculator.TranslatorImplTest@24a35978]" started-at="2020-06-26T08:51:31Z" name="testTranslateDummy" finished-at="2020-06-26T08:51:31Z" duration-ms="0" status="PASS">
          <reporter-output>
          </reporter-output>
        </test-method> <!-- testTranslateDummy -->
        <test-method signature="testTranslateDummy()[pri:0, instance:calculator.TranslatorImplTest@24a35978]" started-at="2020-06-26T08:51:31Z" name="testTranslateDummy" finished-at="2020-06-26T08:51:31Z" duration-ms="2" status="PASS">
          <reporter-output>
          </reporter-output>
        </test-method> <!-- testTranslateDummy -->
        <test-method signature="testTranslateDummy()[pri:0, instance:calculator.TranslatorImplTest@24a35978]" started-at="2020-06-26T08:51:31Z" name="testTranslateDummy" finished-at="2020-06-26T08:51:31Z" duration-ms="3" status="PASS">
          <reporter-output>
          </reporter-output>
        </test-method> <!-- testTranslateDummy -->
        <test-method signature="testTranslateDummy()[pri:0, instance:calculator.TranslatorImplTest@24a35978]" started-at="2020-06-26T08:51:31Z" name="testTranslateDummy" finished-at="2020-06-26T08:51:31Z" duration-ms="0" status="PASS">
          <reporter-output>
          </reporter-output>
        </test-method> <!-- testTranslateDummy -->
        <test-method signature="testTranslateDummy()[pri:0, instance:calculator.TranslatorImplTest@24a35978]" started-at="2020-06-26T08:51:31Z" name="testTranslateDummy" finished-at="2020-06-26T08:51:31Z" duration-ms="1" status="PASS">
          <reporter-output>
          </reporter-output>
        </test-method> <!-- testTranslateDummy -->
        <test-method signature="testTranslateDummy()[pri:0, instance:calculator.TranslatorImplTest@24a35978]" started-at="2020-06-26T08:51:31Z" name="testTranslateDummy" finished-at="2020-06-26T08:51:31Z" duration-ms="4" status="PASS">
          <reporter-output>
          </reporter-output>
        </test-method> <!-- testTranslateDummy -->
        <test-method signature="testTranslateDummy()[pri:0, instance:calculator.TranslatorImplTest@24a35978]" started-at="2020-06-26T08:51:31Z" name="testTranslateDummy" finished-at="2020-06-26T08:51:31Z" duration-ms="1" status="PASS">
          <reporter-output>
          </reporter-output>
        </test-method> <!-- testTranslateDummy -->
        <test-method signature="testTranslateDummy()[pri:0, instance:calculator.TranslatorImplTest@24a35978]" started-at="2020-06-26T08:51:31Z" name="testTranslateDummy" finished-at="2020-06-26T08:51:31Z" duration-ms="0" status="PASS">
          <reporter-output>
          </reporter-output>
        </test-method> <!-- testTranslateDummy -->
        <test-method signature="testTranslateDummy()[pri:0, instance:calculator.TranslatorImplTest@24a35978]" started-at="2020-06-26T08:51:31Z" name="testTranslateDummy" finished-at="2020-06-26T08:51:31Z" duration-ms="3" status="PASS">
          <reporter-output>
          </reporter-output>
        </test-method> <!-- testTranslateDummy -->
        <test-method signature="testTranslateDummy()[pri:0, instance:calculator.TranslatorImplTest@24a35978]" started-at="2020-06-26T08:51:31Z" name="testTranslateDummy" finished-at="2020-06-26T08:51:31Z" duration-ms="3" status="PASS">
          <reporter-output>
          </reporter-output>
        </test-method> <!-- testTranslateDummy -->
        <test-method signature="testTranslateDummy()[pri:0, instance:calculator.TranslatorImplTest@24a35978]" started-at="2020-06-26T08:51:31Z" name="testTranslateDummy" finished-at="2020-06-26T08:51:31Z" duration-ms="6" status="PASS">
          <reporter-output>
          </reporter-output>
        </test-method> <!-- testTranslateDummy -->
        <test-method signature="testTranslateDummy()[pri:0, instance:calculator.TranslatorImplTest@24a35978]" started-at="2020-06-26T08:51:31Z" name="testTranslateDummy" finished-at="2020-06-26T08:51:31Z" duration-ms="7" status="PASS">
          <reporter-output>
          </reporter-output>
        </test-method> <!-- testTranslateDummy -->
        <test-method signature="testTranslateDummy()[pri:0, instance:calculator.TranslatorImplTest@24a35978]" started-at="2020-06-26T08:51:31Z" name="testTranslateDummy" finished-at="2020-06-26T08:51:31Z" duration-ms="1" status="PASS">
          <reporter-output>
          </reporter-output>
        </test-method> <!-- testTranslateDummy -->
        <test-method signature="testTranslateDummy()[pri:0, instance:calculator.TranslatorImplTest@24a35978]" started-at="2020-06-26T08:51:31Z" name="testTranslateDummy" finished-at="2020-06-26T08:51:31Z" duration-ms="0" status="PASS">
          <reporter-output>
          </reporter-output>
        </test-method> <!-- testTranslateDummy -->
        <test-method signature="testTranslateDummy()[pri:0, instance:calculator.TranslatorImplTest@24a35978]" started-at="2020-06-26T08:51:31Z" name="testTranslateDummy" finished-at="2020-06-26T08:51:31Z" duration-ms="0" status="PASS">
          <reporter-output>
          </reporter-output>
        </test-method> <!-- testTranslateDummy -->
        <test-method signature="testTranslateDummy()[pri:0, instance:calculator.TranslatorImplTest@24a35978]" started-at="2020-06-26T08:51:31Z" name="testTranslateDummy" finished-at="2020-06-26T08:51:31Z" duration-ms="0" status="PASS">
          <reporter-output>
          </reporter-output>
        </test-method> <!-- testTranslateDummy -->
        <test-method signature="testTranslateDummy()[pri:0, instance:calculator.TranslatorImplTest@24a35978]" started-at="2020-06-26T08:51:31Z" name="testTranslateDummy" finished-at="2020-06-26T08:51:31Z" duration-ms="0" status="PASS">
          <reporter-output>
          </reporter-output>
        </test-method> <!-- testTranslateDummy -->
        <test-method signature="testTranslateDummy()[pri:0, instance:calculator.TranslatorImplTest@24a35978]" started-at="2020-06-26T08:51:31Z" name="testTranslateDummy" finished-at="2020-06-26T08:51:31Z" duration-ms="0" status="PASS">
          <reporter-output>
          </reporter-output>
        </test-method> <!-- testTranslateDummy -->
        <test-method signature="testTranslateDummy()[pri:0, instance:calculator.TranslatorImplTest@24a35978]" started-at="2020-06-26T08:51:31Z" name="testTranslateDummy" finished-at="2020-06-26T08:51:31Z" duration-ms="0" status="PASS">
          <reporter-output>
          </reporter-output>
        </test-method> <!-- testTranslateDummy -->
        <test-method signature="testTranslateDummy()[pri:0, instance:calculator.TranslatorImplTest@24a35978]" started-at="2020-06-26T08:51:31Z" name="testTranslateDummy" finished-at="2020-06-26T08:51:31Z" duration-ms="1" status="PASS">
          <reporter-output>
          </reporter-output>
        </test-method> <!-- testTranslateDummy -->
        <test-method signature="testTranslateDummy()[pri:0, instance:calculator.TranslatorImplTest@24a35978]" started-at="2020-06-26T08:51:31Z" name="testTranslateDummy" finished-at="2020-06-26T08:51:31Z" duration-ms="3" status="PASS">
          <reporter-output>
          </reporter-output>
        </test-method> <!-- testTranslateDummy -->
        <test-method signature="testTranslateDummy()[pri:0, instance:calculator.TranslatorImplTest@24a35978]" started-at="2020-06-26T08:51:31Z" name="testTranslateDummy" finished-at="2020-06-26T08:51:31Z" duration-ms="1" status="PASS">
          <reporter-output>
          </reporter-output>
        </test-method> <!-- testTranslateDummy -->
        <test-method signature="testTranslateDummy()[pri:0, instance:calculator.TranslatorImplTest@24a35978]" started-at="2020-06-26T08:51:31Z" name="testTranslateDummy" finished-at="2020-06-26T08:51:31Z" duration-ms="1" status="PASS">
          <reporter-output>
          </reporter-output>
        </test-method> <!-- testTranslateDummy -->
        <test-method signature="testTranslateDummy()[pri:0, instance:calculator.TranslatorImplTest@24a35978]" started-at="2020-06-26T08:51:31Z" name="testTranslateDummy" finished-at="2020-06-26T08:51:31Z" duration-ms="0" status="PASS">
          <reporter-output>
          </reporter-output>
        </test-method> <!-- testTranslateDummy -->
        <test-method signature="testTranslateDummy()[pri:0, instance:calculator.TranslatorImplTest@24a35978]" started-at="2020-06-26T08:51:31Z" name="testTranslateDummy" finished-at="2020-06-26T08:51:31Z" duration-ms="0" status="PASS">
          <reporter-output>
          </reporter-output>
        </test-method> <!-- testTranslateDummy -->
        <test-method signature="testTranslateDummy()[pri:0, instance:calculator.TranslatorImplTest@24a35978]" started-at="2020-06-26T08:51:31Z" name="testTranslateDummy" finished-at="2020-06-26T08:51:31Z" duration-ms="1" status="PASS">
          <reporter-output>
          </reporter-output>
        </test-method> <!-- testTranslateDummy -->
        <test-method signature="testTranslateDummy()[pri:0, instance:calculator.TranslatorImplTest@24a35978]" started-at="2020-06-26T08:51:31Z" name="testTranslateDummy" finished-at="2020-06-26T08:51:31Z" duration-ms="1" status="PASS">
          <reporter-output>
          </reporter-output>
        </test-method> <!-- testTranslateDummy -->
        <test-method signature="testTranslateDummy()[pri:0, instance:calculator.TranslatorImplTest@24a35978]" started-at="2020-06-26T08:51:31Z" name="testTranslateDummy" finished-at="2020-06-26T08:51:31Z" duration-ms="3" status="PASS">
          <reporter-output>
          </reporter-output>
        </test-method> <!-- testTranslateDummy -->
        <test-method signature="testTranslateDummy()[pri:0, instance:calculator.TranslatorImplTest@24a35978]" started-at="2020-06-26T08:51:31Z" name="testTranslateDummy" finished-at="2020-06-26T08:51:31Z" duration-ms="0" status="PASS">
          <reporter-output>
          </reporter-output>
        </test-method> <!-- testTranslateDummy -->
        <test-method signature="testTranslateDummy()[pri:0, instance:calculator.TranslatorImplTest@24a35978]" started-at="2020-06-26T08:51:31Z" name="testTranslateDummy" finished-at="2020-06-26T08:51:31Z" duration-ms="2" status="PASS">
          <reporter-output>
          </reporter-output>
        </test-method> <!-- testTranslateDummy -->
        <test-method signature="testTranslateDummy()[pri:0, instance:calculator.TranslatorImplTest@24a35978]" started-at="2020-06-26T08:51:31Z" name="testTranslateDummy" finished-at="2020-06-26T08:51:31Z" duration-ms="0" status="PASS">
          <reporter-output>
          </reporter-output>
        </test-method> <!-- testTranslateDummy -->
        <test-method signature="testTranslateDummy()[pri:0, instance:calculator.TranslatorImplTest@24a35978]" started-at="2020-06-26T08:51:31Z" name="testTranslateDummy" finished-at="2020-06-26T08:51:31Z" duration-ms="0" status="PASS">
          <reporter-output>
          </reporter-output>
        </test-method> <!-- testTranslateDummy -->
        <test-method signature="testTranslateDummy()[pri:0, instance:calculator.TranslatorImplTest@24a35978]" started-at="2020-06-26T08:51:31Z" name="testTranslateDummy" finished-at="2020-06-26T08:51:31Z" duration-ms="0" status="PASS">
          <reporter-output>
          </reporter-output>
        </test-method> <!-- testTranslateDummy -->
        <test-method signature="testTranslateDummy()[pri:0, instance:calculator.TranslatorImplTest@24a35978]" started-at="2020-06-26T08:51:31Z" name="testTranslateDummy" finished-at="2020-06-26T08:51:31Z" duration-ms="0" status="PASS">
          <reporter-output>
          </reporter-output>
        </test-method> <!-- testTranslateDummy -->
        <test-method signature="testTranslateDummy()[pri:0, instance:calculator.TranslatorImplTest@24a35978]" started-at="2020-06-26T08:51:31Z" name="testTranslateDummy" finished-at="2020-06-26T08:51:31Z" duration-ms="1" status="PASS">
          <reporter-output>
          </reporter-output>
        </test-method> <!-- testTranslateDummy -->
        <test-method signature="testTranslateDummy()[pri:0, instance:calculator.TranslatorImplTest@24a35978]" started-at="2020-06-26T08:51:31Z" name="testTranslateDummy" finished-at="2020-06-26T08:51:31Z" duration-ms="1" status="PASS">
          <reporter-output>
          </reporter-output>
        </test-method> <!-- testTranslateDummy -->
        <test-method signature="testTranslateDummy()[pri:0, instance:calculator.TranslatorImplTest@24a35978]" started-at="2020-06-26T08:51:31Z" name="testTranslateDummy" finished-at="2020-06-26T08:51:31Z" duration-ms="0" status="PASS">
          <reporter-output>
          </reporter-output>
        </test-method> <!-- testTranslateDummy -->
        <test-method signature="testTranslateDummy()[pri:0, instance:calculator.TranslatorImplTest@24a35978]" started-at="2020-06-26T08:51:31Z" name="testTranslateDummy" finished-at="2020-06-26T08:51:31Z" duration-ms="1" status="PASS">
          <reporter-output>
          </reporter-output>
        </test-method> <!-- testTranslateDummy -->
        <test-method signature="testTranslateDummy()[pri:0, instance:calculator.TranslatorImplTest@24a35978]" started-at="2020-06-26T08:51:31Z" name="testTranslateDummy" finished-at="2020-06-26T08:51:31Z" duration-ms="0" status="PASS">
          <reporter-output>
          </reporter-output>
        </test-method> <!-- testTranslateDummy -->
        <test-method signature="testTranslateDummy()[pri:0, instance:calculator.TranslatorImplTest@24a35978]" started-at="2020-06-26T08:51:31Z" name="testTranslateDummy" finished-at="2020-06-26T08:51:31Z" duration-ms="0" status="PASS">
          <reporter-output>
          </reporter-output>
        </test-method> <!-- testTranslateDummy -->
        <test-method signature="testTranslateDummy()[pri:0, instance:calculator.TranslatorImplTest@24a35978]" started-at="2020-06-26T08:51:31Z" name="testTranslateDummy" finished-at="2020-06-26T08:51:31Z" duration-ms="0" status="PASS">
          <reporter-output>
          </reporter-output>
        </test-method> <!-- testTranslateDummy -->
        <test-method signature="testTranslateDummy()[pri:0, instance:calculator.TranslatorImplTest@24a35978]" started-at="2020-06-26T08:51:31Z" name="testTranslateDummy" finished-at="2020-06-26T08:51:31Z" duration-ms="0" status="PASS">
          <reporter-output>
          </reporter-output>
        </test-method> <!-- testTranslateDummy -->
        <test-method signature="testTranslateDummy()[pri:0, instance:calculator.TranslatorImplTest@24a35978]" started-at="2020-06-26T08:51:31Z" name="testTranslateDummy" finished-at="2020-06-26T08:51:31Z" duration-ms="0" status="PASS">
          <reporter-output>
          </reporter-output>
        </test-method> <!-- testTranslateDummy -->
        <test-method signature="testTranslateDummy()[pri:0, instance:calculator.TranslatorImplTest@24a35978]" started-at="2020-06-26T08:51:31Z" name="testTranslateDummy" finished-at="2020-06-26T08:51:31Z" duration-ms="0" status="PASS">
          <reporter-output>
          </reporter-output>
        </test-method> <!-- testTranslateDummy -->
        <test-method signature="testTranslateDummy()[pri:0, instance:calculator.TranslatorImplTest@24a35978]" started-at="2020-06-26T08:51:31Z" name="testTranslateDummy" finished-at="2020-06-26T08:51:31Z" duration-ms="1" status="PASS">
          <reporter-output>
          </reporter-output>
        </test-method> <!-- testTranslateDummy -->
        <test-method signature="testTranslateDummy()[pri:0, instance:calculator.TranslatorImplTest@24a35978]" started-at="2020-06-26T08:51:31Z" name="testTranslateDummy" finished-at="2020-06-26T08:51:31Z" duration-ms="1" status="PASS">
          <reporter-output>
          </reporter-output>
        </test-method> <!-- testTranslateDummy -->
        <test-method signature="testTranslateDummy()[pri:0, instance:calculator.TranslatorImplTest@24a35978]" started-at="2020-06-26T08:51:31Z" name="testTranslateDummy" finished-at="2020-06-26T08:51:31Z" duration-ms="0" status="PASS">
          <reporter-output>
          </reporter-output>
        </test-method> <!-- testTranslateDummy -->
        <test-method signature="testTranslateDummy()[pri:0, instance:calculator.TranslatorImplTest@24a35978]" started-at="2020-06-26T08:51:31Z" name="testTranslateDummy" finished-at="2020-06-26T08:51:31Z" duration-ms="1" status="PASS">
          <reporter-output>
          </reporter-output>
        </test-method> <!-- testTranslateDummy -->
        <test-method signature="testTranslateDummy()[pri:0, instance:calculator.TranslatorImplTest@24a35978]" started-at="2020-06-26T08:51:31Z" name="testTranslateDummy" finished-at="2020-06-26T08:51:31Z" duration-ms="0" status="PASS">
          <reporter-output>
          </reporter-output>
        </test-method> <!-- testTranslateDummy -->
        <test-method signature="testTranslateDummy()[pri:0, instance:calculator.TranslatorImplTest@24a35978]" started-at="2020-06-26T08:51:31Z" name="testTranslateDummy" finished-at="2020-06-26T08:51:31Z" duration-ms="3" status="PASS">
          <reporter-output>
          </reporter-output>
        </test-method> <!-- testTranslateDummy -->
        <test-method signature="testTranslateDummy()[pri:0, instance:calculator.TranslatorImplTest@24a35978]" started-at="2020-06-26T08:51:31Z" name="testTranslateDummy" finished-at="2020-06-26T08:51:31Z" duration-ms="0" status="PASS">
          <reporter-output>
          </reporter-output>
        </test-method> <!-- testTranslateDummy -->
        <test-method signature="testTranslateDummy()[pri:0, instance:calculator.TranslatorImplTest@24a35978]" started-at="2020-06-26T08:51:31Z" name="testTranslateDummy" finished-at="2020-06-26T08:51:31Z" duration-ms="0" status="PASS">
          <reporter-output>
          </reporter-output>
        </test-method> <!-- testTranslateDummy -->
        <test-method signature="testTranslateDummy()[pri:0, instance:calculator.TranslatorImplTest@24a35978]" started-at="2020-06-26T08:51:31Z" name="testTranslateDummy" finished-at="2020-06-26T08:51:31Z" duration-ms="1" status="PASS">
          <reporter-output>
          </reporter-output>
        </test-method> <!-- testTranslateDummy -->
        <test-method signature="testTranslateDummy()[pri:0, instance:calculator.TranslatorImplTest@24a35978]" started-at="2020-06-26T08:51:31Z" name="testTranslateDummy" finished-at="2020-06-26T08:51:31Z" duration-ms="0" status="PASS">
          <reporter-output>
          </reporter-output>
        </test-method> <!-- testTranslateDummy -->
        <test-method signature="testTranslateDummy()[pri:0, instance:calculator.TranslatorImplTest@24a35978]" started-at="2020-06-26T08:51:31Z" name="testTranslateDummy" finished-at="2020-06-26T08:51:31Z" duration-ms="1" status="PASS">
          <reporter-output>
          </reporter-output>
        </test-method> <!-- testTranslateDummy -->
        <test-method signature="testTranslateDummy()[pri:0, instance:calculator.TranslatorImplTest@24a35978]" started-at="2020-06-26T08:51:31Z" name="testTranslateDummy" finished-at="2020-06-26T08:51:31Z" duration-ms="0" status="PASS">
          <reporter-output>
          </reporter-output>
        </test-method> <!-- testTranslateDummy -->
        <test-method signature="testTranslateDummy()[pri:0, instance:calculator.TranslatorImplTest@24a35978]" started-at="2020-06-26T08:51:31Z" name="testTranslateDummy" finished-at="2020-06-26T08:51:31Z" duration-ms="1" status="PASS">
          <reporter-output>
          </reporter-output>
        </test-method> <!-- testTranslateDummy -->
        <test-method signature="testTranslateDummy()[pri:0, instance:calculator.TranslatorImplTest@24a35978]" started-at="2020-06-26T08:51:31Z" name="testTranslateDummy" finished-at="2020-06-26T08:51:31Z" duration-ms="0" status="PASS">
          <reporter-output>
          </reporter-output>
        </test-method> <!-- testTranslateDummy -->
        <test-method signature="testTranslateDummy()[pri:0, instance:calculator.TranslatorImplTest@24a35978]" started-at="2020-06-26T08:51:31Z" name="testTranslateDummy" finished-at="2020-06-26T08:51:31Z" duration-ms="6" status="PASS">
          <reporter-output>
          </reporter-output>
        </test-method> <!-- testTranslateDummy -->
        <test-method signature="testTranslateDummy()[pri:0, instance:calculator.TranslatorImplTest@24a35978]" started-at="2020-06-26T08:51:31Z" name="testTranslateDummy" finished-at="2020-06-26T08:51:31Z" duration-ms="0" status="PASS">
          <reporter-output>
          </reporter-output>
        </test-method> <!-- testTranslateDummy -->
        <test-method signature="testTranslateDummy()[pri:0, instance:calculator.TranslatorImplTest@24a35978]" started-at="2020-06-26T08:51:31Z" name="testTranslateDummy" finished-at="2020-06-26T08:51:31Z" duration-ms="1" status="PASS">
          <reporter-output>
          </reporter-output>
        </test-method> <!-- testTranslateDummy -->
        <test-method signature="testTranslateDummy()[pri:0, instance:calculator.TranslatorImplTest@24a35978]" started-at="2020-06-26T08:51:31Z" name="testTranslateDummy" finished-at="2020-06-26T08:51:31Z" duration-ms="0" status="PASS">
          <reporter-output>
          </reporter-output>
        </test-method> <!-- testTranslateDummy -->
        <test-method signature="testTranslateDummy()[pri:0, instance:calculator.TranslatorImplTest@24a35978]" started-at="2020-06-26T08:51:31Z" name="testTranslateDummy" finished-at="2020-06-26T08:51:31Z" duration-ms="0" status="PASS">
          <reporter-output>
          </reporter-output>
        </test-method> <!-- testTranslateDummy -->
        <test-method signature="testTranslateDummy()[pri:0, instance:calculator.TranslatorImplTest@24a35978]" started-at="2020-06-26T08:51:31Z" name="testTranslateDummy" finished-at="2020-06-26T08:51:31Z" duration-ms="1" status="PASS">
          <reporter-output>
          </reporter-output>
        </test-method> <!-- testTranslateDummy -->
        <test-method signature="testTranslateDummy()[pri:0, instance:calculator.TranslatorImplTest@24a35978]" started-at="2020-06-26T08:51:31Z" name="testTranslateDummy" finished-at="2020-06-26T08:51:31Z" duration-ms="0" status="PASS">
          <reporter-output>
          </reporter-output>
        </test-method> <!-- testTranslateDummy -->
        <test-method signature="testTranslateDummy()[pri:0, instance:calculator.TranslatorImplTest@24a35978]" started-at="2020-06-26T08:51:31Z" name="testTranslateDummy" finished-at="2020-06-26T08:51:31Z" duration-ms="0" status="PASS">
          <reporter-output>
          </reporter-output>
        </test-method> <!-- testTranslateDummy -->
        <test-method signature="testTranslateDummy()[pri:0, instance:calculator.TranslatorImplTest@24a35978]" started-at="2020-06-26T08:51:31Z" name="testTranslateDummy" finished-at="2020-06-26T08:51:31Z" duration-ms="1" status="PASS">
          <reporter-output>
          </reporter-output>
        </test-method> <!-- testTranslateDummy -->
        <test-method signature="testTranslateDummy()[pri:0, instance:calculator.TranslatorImplTest@24a35978]" started-at="2020-06-26T08:51:31Z" name="testTranslateDummy" finished-at="2020-06-26T08:51:31Z" duration-ms="0" status="PASS">
          <reporter-output>
          </reporter-output>
        </test-method> <!-- testTranslateDummy -->
        <test-method signature="testTranslateDummy()[pri:0, instance:calculator.TranslatorImplTest@24a35978]" started-at="2020-06-26T08:51:31Z" name="testTranslateDummy" finished-at="2020-06-26T08:51:31Z" duration-ms="9" status="PASS">
          <reporter-output>
          </reporter-output>
        </test-method> <!-- testTranslateDummy -->
        <test-method signature="testTranslateDummy()[pri:0, instance:calculator.TranslatorImplTest@24a35978]" started-at="2020-06-26T08:51:31Z" name="testTranslateDummy" finished-at="2020-06-26T08:51:31Z" duration-ms="0" status="PASS">
          <reporter-output>
          </reporter-output>
        </test-method> <!-- testTranslateDummy -->
        <test-method signature="testTranslateDummy()[pri:0, instance:calculator.TranslatorImplTest@24a35978]" started-at="2020-06-26T08:51:31Z" name="testTranslateDummy" finished-at="2020-06-26T08:51:31Z" duration-ms="1" status="PASS">
          <reporter-output>
          </reporter-output>
        </test-method> <!-- testTranslateDummy -->
        <test-method signature="testTranslateDummy()[pri:0, instance:calculator.TranslatorImplTest@24a35978]" started-at="2020-06-26T08:51:31Z" name="testTranslateDummy" finished-at="2020-06-26T08:51:31Z" duration-ms="0" status="PASS">
          <reporter-output>
          </reporter-output>
        </test-method> <!-- testTranslateDummy -->
        <test-method signature="testTranslateDummy()[pri:0, instance:calculator.TranslatorImplTest@24a35978]" started-at="2020-06-26T08:51:31Z" name="testTranslateDummy" finished-at="2020-06-26T08:51:31Z" duration-ms="0" status="PASS">
          <reporter-output>
          </reporter-output>
        </test-method> <!-- testTranslateDummy -->
        <test-method signature="testTranslateDummy()[pri:0, instance:calculator.TranslatorImplTest@24a35978]" started-at="2020-06-26T08:51:31Z" name="testTranslateDummy" finished-at="2020-06-26T08:51:31Z" duration-ms="0" status="PASS">
          <reporter-output>
          </reporter-output>
        </test-method> <!-- testTranslateDummy -->
        <test-method signature="testTranslateDummy()[pri:0, instance:calculator.TranslatorImplTest@24a35978]" started-at="2020-06-26T08:51:31Z" name="testTranslateDummy" finished-at="2020-06-26T08:51:31Z" duration-ms="8" status="PASS">
          <reporter-output>
          </reporter-output>
        </test-method> <!-- testTranslateDummy -->
        <test-method signature="testTranslateDummy()[pri:0, instance:calculator.TranslatorImplTest@24a35978]" started-at="2020-06-26T08:51:31Z" name="testTranslateDummy" finished-at="2020-06-26T08:51:31Z" duration-ms="3" status="PASS">
          <reporter-output>
          </reporter-output>
        </test-method> <!-- testTranslateDummy -->
        <test-method signature="testTranslateDummy()[pri:0, instance:calculator.TranslatorImplTest@24a35978]" started-at="2020-06-26T08:51:31Z" name="testTranslateDummy" finished-at="2020-06-26T08:51:31Z" duration-ms="1" status="PASS">
          <reporter-output>
          </reporter-output>
        </test-method> <!-- testTranslateDummy -->
        <test-method signature="testTranslateDummy()[pri:0, instance:calculator.TranslatorImplTest@24a35978]" started-at="2020-06-26T08:51:31Z" name="testTranslateDummy" finished-at="2020-06-26T08:51:31Z" duration-ms="7" status="PASS">
          <reporter-output>
          </reporter-output>
        </test-method> <!-- testTranslateDummy -->
        <test-method signature="testTranslateDummy()[pri:0, instance:calculator.TranslatorImplTest@24a35978]" started-at="2020-06-26T08:51:31Z" name="testTranslateDummy" finished-at="2020-06-26T08:51:31Z" duration-ms="0" status="PASS">
          <reporter-output>
          </reporter-output>
        </test-method> <!-- testTranslateDummy -->
        <test-method signature="testTranslateDummy()[pri:0, instance:calculator.TranslatorImplTest@24a35978]" started-at="2020-06-26T08:51:31Z" name="testTranslateDummy" finished-at="2020-06-26T08:51:31Z" duration-ms="0" status="PASS">
          <reporter-output>
          </reporter-output>
        </test-method> <!-- testTranslateDummy -->
        <test-method signature="testTranslateDummy()[pri:0, instance:calculator.TranslatorImplTest@24a35978]" started-at="2020-06-26T08:51:31Z" name="testTranslateDummy" finished-at="2020-06-26T08:51:31Z" duration-ms="0" status="PASS">
          <reporter-output>
          </reporter-output>
        </test-method> <!-- testTranslateDummy -->
        <test-method signature="testTranslateDummy()[pri:0, instance:calculator.TranslatorImplTest@24a35978]" started-at="2020-06-26T08:51:31Z" name="testTranslateDummy" finished-at="2020-06-26T08:51:31Z" duration-ms="0" status="PASS">
          <reporter-output>
          </reporter-output>
        </test-method> <!-- testTranslateDummy -->
        <test-method signature="testTranslateDummy()[pri:0, instance:calculator.TranslatorImplTest@24a35978]" started-at="2020-06-26T08:51:31Z" name="testTranslateDummy" finished-at="2020-06-26T08:51:31Z" duration-ms="0" status="PASS">
          <reporter-output>
          </reporter-output>
        </test-method> <!-- testTranslateDummy -->
        <test-method signature="testTranslateDummy()[pri:0, instance:calculator.TranslatorImplTest@24a35978]" started-at="2020-06-26T08:51:31Z" name="testTranslateDummy" finished-at="2020-06-26T08:51:31Z" duration-ms="0" status="PASS">
          <reporter-output>
          </reporter-output>
        </test-method> <!-- testTranslateDummy -->
        <test-method signature="testTranslateDummy()[pri:0, instance:calculator.TranslatorImplTest@24a35978]" started-at="2020-06-26T08:51:31Z" name="testTranslateDummy" finished-at="2020-06-26T08:51:31Z" duration-ms="0" status="PASS">
          <reporter-output>
          </reporter-output>
        </test-method> <!-- testTranslateDummy -->
        <test-method signature="testTranslateDummy()[pri:0, instance:calculator.TranslatorImplTest@24a35978]" started-at="2020-06-26T08:51:31Z" name="testTranslateDummy" finished-at="2020-06-26T08:51:31Z" duration-ms="3" status="PASS">
          <reporter-output>
          </reporter-output>
        </test-method> <!-- testTranslateDummy -->
        <test-method signature="testTranslateDummy()[pri:0, instance:calculator.TranslatorImplTest@24a35978]" started-at="2020-06-26T08:51:31Z" name="testTranslateDummy" finished-at="2020-06-26T08:51:31Z" duration-ms="0" status="PASS">
          <reporter-output>
          </reporter-output>
        </test-method> <!-- testTranslateDummy -->
        <test-method signature="testTranslateDummy()[pri:0, instance:calculator.TranslatorImplTest@24a35978]" started-at="2020-06-26T08:51:31Z" name="testTranslateDummy" finished-at="2020-06-26T08:51:31Z" duration-ms="1" status="PASS">
          <reporter-output>
          </reporter-output>
        </test-method> <!-- testTranslateDummy -->
      </class> <!-- calculator.TranslatorImplTest -->
    </test> <!-- Surefire test -->
  </suite> <!-- Surefire suite -->
</testng-results>
